# kubectl describe deployment kubernetes-dashboard -n kube-system           
Name:                   kubernetes-dashboard
Namespace:              kube-system
CreationTimestamp:      Fri, 01 Dec 2017 16:29:13 +0800
Labels:                 k8s-app=kubernetes-dashboard
Annotations:            deployment.kubernetes.io/revision=1
Selector:               k8s-app=kubernetes-dashboard
Replicas:               1 desired | 0 updated | 0 total | 0 available | 1 unavailable
StrategyType:           RollingUpdate
MinReadySeconds:        0
RollingUpdateStrategy:  1 max unavailable, 1 max surge
Pod Template:
  Labels:               k8s-app=kubernetes-dashboard
  Service Account:      kubernetes-dashboard
  Init Containers:
   kubernetes-dashboard-init:
    Image:              gcr.io/google_containers/kubernetes-dashboard-init-amd64:v1.0.1
    Port:               <none>
    Environment:        <none>
    Mounts:
      /certs from kubernetes-dashboard-certs (rw)
  Containers:
   kubernetes-dashboard:
    Image:      gcr.io/google_containers/kubernetes-dashboard-amd64:v1.7.1
    Port:       8443/TCP
    Args:
      --tls-key-file=/certs/dashboard.key
      --tls-cert-file=/certs/dashboard.crt
    Liveness:           http-get https://:8443/ delay=30s timeout=30s period=10s #success=1 #failure=3
    Environment:        <none>
    Mounts:
      /certs from kubernetes-dashboard-certs (ro)
      /tmp from tmp-volume (rw)
  Volumes:
   kubernetes-dashboard-certs:
    Type:       Secret (a volume populated by a Secret)
    SecretName: kubernetes-dashboard-certs
    Optional:   false
   tmp-volume:
    Type:       EmptyDir (a temporary directory that shares a pod's lifetime)
    Medium:
Conditions:
  Type                  Status  Reason
  ----                  ------  ------
  Available             True    MinimumReplicasAvailable
  ReplicaFailure        True    FailedCreate
OldReplicaSets:         <none>
NewReplicaSet:          kubernetes-dashboard-1592587111 (0/1 replicas created)
Events:
  FirstSeen     LastSeen        Count   From                    SubObjectPath   Type            Reason                  Message
  ---------     --------        -----   ----                    -------------   --------        ------                  -------
  17m           17m             1       deployment-controller                   Normal          ScalingReplicaSet       Scaled up replica set kubernetes-dashboard-1592587111 to 1
